<?xml version="1.0" encoding="UTF-8" ?>
<testsuite tests="3" failures="0" name="com.app.service.jdbc.ConnectionManagerTest" time="0.394" errors="0" skipped="0">
  <properties>
[...]
</properties>
  <testcase classname="com.app.service.jdbc.ConnectionManagerTest" name="testGetDBProperties" time="0.018"/>
  <testcase classname="com.app.service.jdbc.ConnectionManagerTest" name="testGetDatabaseConnection" time="0.306"/>
  <testcase classname="com.app.service.jdbc.ConnectionManagerTest" name="testCloseDatabaseConnection" time="0.07"/>
</testsuite>